TN:
SF:/Users/Mike/Documents/git/recall-mobile/src/AppNavigator.tsx
FN:61,(anonymous_0)
FN:62,(anonymous_1)
FNF:2
FNH:0
FNDA:0,(anonymous_0)
FNDA:0,(anonymous_1)
DA:14,0
DA:25,0
DA:34,0
DA:45,0
DA:54,0
DA:61,0
DA:63,0
DA:64,0
DA:65,0
DA:68,0
DA:70,0
DA:71,0
DA:74,0
DA:75,0
DA:78,0
DA:79,0
DA:83,0
DA:93,0
LF:18
LH:0
BRDA:64,0,0,0
BRDA:64,0,1,0
BRDA:68,1,0,0
BRDA:68,1,1,0
BRDA:68,1,2,0
BRF:5
BRH:0
end_of_record
TN:
SF:/Users/Mike/Documents/git/recall-mobile/src/Book.tsx
FN:17,(anonymous_0)
FN:21,(anonymous_1)
FN:27,(anonymous_2)
FN:40,(anonymous_3)
FN:44,(anonymous_4)
FN:48,(anonymous_5)
FN:48,(anonymous_6)
FN:52,(anonymous_7)
FN:56,(anonymous_8)
FNF:9
FNH:0
FNDA:0,(anonymous_0)
FNDA:0,(anonymous_1)
FNDA:0,(anonymous_2)
FNDA:0,(anonymous_3)
FNDA:0,(anonymous_4)
FNDA:0,(anonymous_5)
FNDA:0,(anonymous_6)
FNDA:0,(anonymous_7)
FNDA:0,(anonymous_8)
DA:17,0
DA:22,0
DA:24,0
DA:26,0
DA:27,0
DA:28,0
DA:40,0
DA:41,0
DA:44,0
DA:45,0
DA:48,0
DA:49,0
DA:52,0
DA:53,0
DA:56,0
DA:57,0
DA:68,0
DA:81,0
LF:18
LH:0
BRDA:18,0,0,0
BRDA:18,0,1,0
BRDA:24,1,0,0
BRDA:24,1,1,0
BRDA:24,1,2,0
BRDA:26,2,0,0
BRDA:26,2,1,0
BRDA:26,2,2,0
BRF:8
BRH:0
end_of_record
TN:
SF:/Users/Mike/Documents/git/recall-mobile/src/Books.tsx
FN:87,(anonymous_0)
FN:91,(anonymous_1)
FN:104,(anonymous_2)
FN:108,(anonymous_3)
FN:108,(anonymous_4)
FN:111,(anonymous_5)
FNF:6
FNH:5
FNDA:1,(anonymous_0)
FNDA:3,(anonymous_1)
FNDA:4,(anonymous_2)
FNDA:4,(anonymous_3)
FNDA:0,(anonymous_4)
FNDA:4,(anonymous_5)
DA:8,1
DA:12,1
DA:88,1
DA:89,1
DA:90,1
DA:91,1
DA:92,3
DA:104,1
DA:105,4
DA:108,4
DA:109,0
DA:111,1
DA:112,4
DA:122,1
DA:135,1
LF:15
LH:14
BRF:0
BRH:0
end_of_record
TN:
SF:/Users/Mike/Documents/git/recall-mobile/src/Home.tsx
FN:7,(anonymous_0)
FN:13,(anonymous_1)
FN:17,(anonymous_2)
FNF:3
FNH:1
FNDA:0,(anonymous_0)
FNDA:0,(anonymous_1)
FNDA:1,(anonymous_2)
DA:7,1
DA:8,0
DA:13,1
DA:14,0
DA:18,1
DA:27,1
LF:6
LH:4
BRF:0
BRH:0
end_of_record
TN:
SF:/Users/Mike/Documents/git/recall-mobile/src/Note.tsx
FN:9,(anonymous_0)
FN:13,(anonymous_1)
FNF:2
FNH:0
FNDA:0,(anonymous_0)
FNDA:0,(anonymous_1)
DA:9,0
DA:14,0
DA:16,0
DA:18,0
DA:26,0
DA:43,0
LF:6
LH:0
BRDA:10,0,0,0
BRDA:10,0,1,0
BRDA:16,1,0,0
BRDA:16,1,1,0
BRDA:16,1,2,0
BRF:5
BRH:0
end_of_record
TN:
SF:/Users/Mike/Documents/git/recall-mobile/src/Settings.tsx
FN:6,(anonymous_0)
FN:12,(anonymous_1)
FN:16,(anonymous_2)
FNF:3
FNH:1
FNDA:0,(anonymous_0)
FNDA:0,(anonymous_1)
FNDA:1,(anonymous_2)
DA:6,1
DA:7,0
DA:12,1
DA:13,0
DA:17,1
DA:26,1
LF:6
LH:4
BRF:0
BRH:0
end_of_record
